[debug] > Exec(early(addDefaultCommands), None, None)
[debug] > Exec(addDefaultCommands, None, None)
[debug] > Exec(early(initialize), None, None)
[debug] > Exec(initialize, None, None)
[debug] > Exec(boot, None, None)
[debug] > Exec(writeSbtVersion, None, None)
[debug] > Exec(reload, None, None)
[debug] > Exec(sbtStashOnFailure, None, None)
[debug] > Exec(onFailure loadFailed, None, None)
[debug] > Exec(loadp, None, None)
[info] welcome to sbt 1.9.7 (Oracle Corporation Java 19.0.1)
[debug]       Load.loadUnit: plugins took 114.7352ms
[debug]       Load.loadUnit: defsScala took 0.553ms
[debug] [Loading] Scanning directory C:\Users\Жандарбек\.sbt\1.0\plugins
[debug] [Loading] Found non-root projects 
[debug] [Loading] Done in C:\Users\Жандарбек\.sbt\1.0\plugins, returning: ()
[debug] deducing auto plugins based on known facts Set(Atom(sbt.plugins.CorePlugin)) and clauses Clauses(Clause(Atom(sbt.plugins.JvmPlugin),Set(Atom(sbt.plugins.IvyPlugin)))
[debug] Clause(Atom(sbt.ScriptedPlugin),Set(Atom(sbt.plugins.JvmPlugin)))
[debug] Clause(Atom(sbt.plugins.SbtPlugin),Set(Atom(sbt.ScriptedPlugin)))
[debug] Clause(Atom(sbt.plugins.SemanticdbPlugin),Set(Atom(sbt.plugins.JvmPlugin)))
[debug] Clause(Atom(sbt.plugins.JUnitXmlReportPlugin),Set(Atom(sbt.plugins.JvmPlugin)))
[debug] Clause(Atom(sbt.plugins.MiniDependencyTreePlugin),Set(Atom(sbt.plugins.JvmPlugin)))
[debug] Clause(Atom(sbt.plugins.CorePlugin),Set(Atom(sbt.plugins.IvyPlugin)))
[debug] Clause(Atom(sbt.plugins.IvyPlugin),Set(Atom(sbt.plugins.JvmPlugin)))
[debug] Clause(Atom(sbt.plugins.JvmPlugin),Set(Atom(sbt.plugins.SemanticdbPlugin)))
[debug] Clause(Atom(sbt.plugins.JvmPlugin),Set(Atom(sbt.plugins.JUnitXmlReportPlugin)))
[debug] Clause(Atom(sbt.plugins.CorePlugin),Set(Atom(sbt.plugins.Giter8TemplatePlugin)))
[debug] Clause(Atom(sbt.plugins.JvmPlugin),Set(Atom(sbt.plugins.MiniDependencyTreePlugin))))
[debug]   :: deduced result: Matched(sbt.plugins.CorePlugin,sbt.plugins.Giter8TemplatePlugin,sbt.plugins.IvyPlugin,sbt.plugins.JvmPlugin,sbt.plugins.MiniDependencyTreePlugin,sbt.plugins.JUnitXmlReportPlugin,sbt.plugins.SemanticdbPlugin)
[debug] Plugins.deducer#function took 18.4001 ms
[debug]           Load.resolveProject(global-plugins) took 45.3234ms
[debug]         Load.loadTransitive: finalizeProject(Project(id global-plugins, base: C:\Users\Жандарбек\.sbt\1.0\plugins, plugins: List(<none>))) took 84.0077ms
[debug] [Loading] Done in C:\Users\Жандарбек\.sbt\1.0\plugins, returning: (global-plugins)
[debug]       Load.loadUnit: loadedProjectsRaw took 121.8003ms
[debug]       Load.loadUnit: cleanEvalClasses took 0.6323ms
[debug]     Load.loadUnit(file:/C:/Users/Жандарбек/.sbt/1.0/plugins/, ...) took 251.0068ms
[debug]   Load.apply: load took 446.4047ms
[debug]   Load.apply: resolveProjects took 5.6856ms
[debug]   Load.apply: finalTransforms took 85.1094ms
[debug]   Load.apply: config.delegates took 10.0788ms
[debug]   Load.apply: Def.make(settings)... took 379.8343ms
[debug]   Load.apply: structureIndex took 101.3684ms
[debug]   Load.apply: mkStreams took 1.2944ms
[info] loading global plugins from C:\Users\Жандарбек\.sbt\1.0\plugins
[debug] Running task... Cancel: Signal, check cycles: false, forcegc: true
[debug] Load.defaultLoad until apply took 2179.5928ms
[debug]           Load.loadUnit: plugins took 19.2919ms
[debug]           Load.loadUnit: defsScala took 0.0037ms
[debug] [Loading] Scanning directory C:\Users\Жандарбек\OneDrive\Рабочий стол\ООП4 Ф\SkalaP\DB\project
[debug] [Loading] Found non-root projects 
[debug] [Loading] Done in C:\Users\Жандарбек\OneDrive\Рабочий стол\ООП4 Ф\SkalaP\DB\project, returning: ()
[debug] deducing auto plugins based on known facts Set(Atom(sbt.plugins.CorePlugin)) and clauses Clauses(Clause(Atom(sbt.plugins.JvmPlugin),Set(Atom(sbt.plugins.IvyPlugin)))
[debug] Clause(Atom(sbt.ScriptedPlugin),Set(Atom(sbt.plugins.JvmPlugin)))
[debug] Clause(Atom(sbt.plugins.SbtPlugin),Set(Atom(sbt.ScriptedPlugin)))
[debug] Clause(Atom(sbt.plugins.SemanticdbPlugin),Set(Atom(sbt.plugins.JvmPlugin)))
[debug] Clause(Atom(sbt.plugins.JUnitXmlReportPlugin),Set(Atom(sbt.plugins.JvmPlugin)))
[debug] Clause(Atom(sbt.plugins.MiniDependencyTreePlugin),Set(Atom(sbt.plugins.JvmPlugin)))
[debug] Clause(Atom(sbt.plugins.CorePlugin),Set(Atom(sbt.plugins.IvyPlugin)))
[debug] Clause(Atom(sbt.plugins.IvyPlugin),Set(Atom(sbt.plugins.JvmPlugin)))
[debug] Clause(Atom(sbt.plugins.JvmPlugin),Set(Atom(sbt.plugins.SemanticdbPlugin)))
[debug] Clause(Atom(sbt.plugins.JvmPlugin),Set(Atom(sbt.plugins.JUnitXmlReportPlugin)))
[debug] Clause(Atom(sbt.plugins.CorePlugin),Set(Atom(sbt.plugins.Giter8TemplatePlugin)))
[debug] Clause(Atom(sbt.plugins.JvmPlugin),Set(Atom(sbt.plugins.MiniDependencyTreePlugin))))
[debug]   :: deduced result: Matched(sbt.plugins.CorePlugin,sbt.plugins.Giter8TemplatePlugin,sbt.plugins.IvyPlugin,sbt.plugins.JvmPlugin,sbt.plugins.MiniDependencyTreePlugin,sbt.plugins.JUnitXmlReportPlugin,sbt.plugins.SemanticdbPlugin)
[debug] Plugins.deducer#function took 1.3989 ms
[debug]               Load.resolveProject(db-build) took 1.011ms
[debug]             Load.loadTransitive: finalizeProject(Project(id db-build, base: C:\Users\Жандарбек\OneDrive\Рабочий стол\ООП4 Ф\SkalaP\DB\project, plugins: List(<none>))) took 2.789ms
[debug] [Loading] Done in C:\Users\Жандарбек\OneDrive\Рабочий стол\ООП4 Ф\SkalaP\DB\project, returning: (db-build)
[debug]           Load.loadUnit: loadedProjectsRaw took 4.3197ms
[debug]           Load.loadUnit: cleanEvalClasses took 0.0087ms
[debug]         Load.loadUnit(file:/C:/Users/Жандарбек/OneDrive/Рабочий%20стол/ООП4%20Ф/SkalaP/DB/project/, ...) took 24.5462ms
[debug]       Load.apply: load took 25.783ms
[debug]       Load.apply: resolveProjects took 0.1226ms
[debug]       Load.apply: finalTransforms took 21.3219ms
[debug]       Load.apply: config.delegates took 0.5154ms
[debug]       Load.apply: Def.make(settings)... took 77.6365ms
[debug]       Load.apply: structureIndex took 32.5549ms
[debug]       Load.apply: mkStreams took 0.0035ms
[info] loading project definition from C:\Users\Жандарбек\OneDrive\Рабочий стол\ООП4 Ф\SkalaP\DB\project
[debug] Running task... Cancel: Signal, check cycles: false, forcegc: true
[debug]     Load.loadUnit: plugins took 342.8575ms
[debug]     Load.loadUnit: defsScala took 0.0032ms
[debug] [Loading] Scanning directory C:\Users\Жандарбек\OneDrive\Рабочий стол\ООП4 Ф\SkalaP\DB
[debug]       Load.loadUnit: mkEval took 5.1677ms
[debug] [Loading] Found root project root w/ remaining 
[debug] deducing auto plugins based on known facts Set(Atom(sbt.plugins.CorePlugin)) and clauses Clauses(Clause(Atom(sbt.plugins.JvmPlugin),Set(Atom(sbt.plugins.IvyPlugin)))
[debug] Clause(Atom(sbt.ScriptedPlugin),Set(Atom(sbt.plugins.JvmPlugin)))
[debug] Clause(Atom(sbt.plugins.SbtPlugin),Set(Atom(sbt.ScriptedPlugin)))
[debug] Clause(Atom(sbt.plugins.SemanticdbPlugin),Set(Atom(sbt.plugins.JvmPlugin)))
[debug] Clause(Atom(sbt.plugins.JUnitXmlReportPlugin),Set(Atom(sbt.plugins.JvmPlugin)))
[debug] Clause(Atom(sbt.plugins.MiniDependencyTreePlugin),Set(Atom(sbt.plugins.JvmPlugin)))
[debug] Clause(Atom(sbt.plugins.CorePlugin),Set(Atom(sbt.plugins.IvyPlugin)))
[debug] Clause(Atom(sbt.plugins.IvyPlugin),Set(Atom(sbt.plugins.JvmPlugin)))
[debug] Clause(Atom(sbt.plugins.JvmPlugin),Set(Atom(sbt.plugins.SemanticdbPlugin)))
[debug] Clause(Atom(sbt.plugins.JvmPlugin),Set(Atom(sbt.plugins.JUnitXmlReportPlugin)))
[debug] Clause(Atom(sbt.plugins.CorePlugin),Set(Atom(sbt.plugins.Giter8TemplatePlugin)))
[debug] Clause(Atom(sbt.plugins.JvmPlugin),Set(Atom(sbt.plugins.MiniDependencyTreePlugin))))
[debug]   :: deduced result: Matched(sbt.plugins.CorePlugin,sbt.plugins.Giter8TemplatePlugin,sbt.plugins.IvyPlugin,sbt.plugins.JvmPlugin,sbt.plugins.MiniDependencyTreePlugin,sbt.plugins.JUnitXmlReportPlugin,sbt.plugins.SemanticdbPlugin)
[debug] Plugins.deducer#function took 1.5269 ms
[info] loading settings for project root from build.sbt ...
[debug]         Load.resolveProject(root) took 3.136ms
[debug]       Load.loadTransitive: finalizeProject(Project(id root, base: C:\Users\Жандарбек\OneDrive\Рабочий стол\ООП4 Ф\SkalaP\DB, plugins: List(<none>))) took 5.7399ms
[debug] [Loading] Done in C:\Users\Жандарбек\OneDrive\Рабочий стол\ООП4 Ф\SkalaP\DB, returning: (root)
[debug]     Load.loadUnit: loadedProjectsRaw took 1496.2814ms
[debug]     Load.loadUnit: cleanEvalClasses took 17.7536ms
[debug]   Load.loadUnit(file:/C:/Users/Жандарбек/OneDrive/Рабочий%20стол/ООП4%20Ф/SkalaP/DB/, ...) took 1857.9483ms
[debug] Load.apply: load took 1859.7701ms
[debug] Load.apply: resolveProjects took 0.0998ms
[debug] Load.apply: finalTransforms took 16.1461ms
[debug] Load.apply: config.delegates took 0.3588ms
[debug] Load.apply: Def.make(settings)... took 69.6048ms
[debug] Load.apply: structureIndex took 32.2307ms
[debug] Load.apply: mkStreams took 0.003ms
[info] set current project to DB (in build file:/C:/Users/Жандарбек/OneDrive/Рабочий%20стол/ООП4%20Ф/SkalaP/DB/)
[debug] > Exec(sbtPopOnFailure, None, None)
[debug] > Exec(resumeFromFailure, None, None)
[debug] > Exec(notifyUsersAboutShell, None, None)
[debug] > Exec(iflast shell, None, None)
[debug] > Exec(shell, None, None)
[info] sbt server started at local:sbt-server-56466aba87e9d2304999
[debug] Writing bsp connection file
